type q to quit, or anything else to rerun script keras_convnet.py
keras_convnet: datareader - 383 batches per epoch
starting to build and compile keras/theano model...
building/compiling theano model took 45.33 sec
 epch:mb | tm.s | loss.tr | acc.tr/ batch | acc.ev | learn.rt| confuse mat tr | confuse mat eva  | tm.e
  0: 100 |  3.6 |    1.53 |   0.78/  0.80 |   0.68 | 0.00970 |  10   0   0   1 |  51   1   2   3 |   9.6
                                                             |   1   3   0   2 |   7  21   0  14 |
                                                             |   3   0  23   1 |  26   0 108  35 |
                                                             |   1   0   4  15 |  18   6  17  91 |
---------------------------------------------------------------------------------------------------
  0: 200 |  3.6 |    1.01 |   0.78/  0.81 |   0.73 | 0.00941 |   9   0   0   1 |  52   2   0   3 |   9.6
                                                             |   0   7   0   1 |   4  26   0  12 |
                                                             |   0   0  20   8 |   5   0 102  62 |
                                                             |   0   2   0  16 |   2   8  11 111 |
---------------------------------------------------------------------------------------------------
  0: 300 |  3.6 |    0.93 |   0.72/  0.70 |   0.74 | 0.00913 |   9   0   0   0 |  55   1   0   1 |   9.6
                                                             |   2   7   0   1 |   6  34   0   2 |
                                                             |   2   0  15   7 |   6   0 101  62 |
                                                             |   0   6   1  14 |   3  19   5 105 |
---------------------------------------------------------------------------------------------------
  1:  17 |  3.6 |    0.93 |   0.78/  0.77 |   0.78 | 0.00885 |   3   1   0   0 |  44   4   2   7 |   9.6
                                                             |   0   4   0   3 |   0  25   0  17 |
                                                             |   0   0  26   5 |   1   0 125  43 |
                                                             |   0   2   4  16 |   0   3  13 116 |
---------------------------------------------------------------------------------------------------
  1: 117 |  3.6 |    0.81 |   0.75/  0.78 |   0.76 | 0.00859 |  16   0   0   1 |  54   0   1   2 |   9.5
                                                             |   0   4   0   1 |   4  26   0  12 |
                                                             |   0   0  16   7 |   3   0 105  61 |
                                                             |   1   1   3  14 |   3   5   6 118 |
---------------------------------------------------------------------------------------------------
  1: 217 |  3.6 |    0.95 |   0.70/  0.69 |   0.76 | 0.00833 |   7   3   0   3 |  53   2   0   2 |   9.6
                                                             |   0   4   0   1 |   1  36   0   5 |
                                                             |   2   1  15   6 |   2   1 108  58 |
                                                             |   0   3   1  18 |   0  17   8 107 |
---------------------------------------------------------------------------------------------------
  1: 317 |  3.6 |    0.67 |   0.83/  0.83 |   0.81 | 0.00808 |  11   0   0   1 |  53   1   3   0 |   9.5
                                                             |   2   5   0   2 |   4  20   0  18 |
                                                             |   0   0  19   3 |   3   0 148  18 |
                                                             |   1   0   2  18 |   3   8  20 101 |
---------------------------------------------------------------------------------------------------
  2:  34 |  3.6 |    1.45 |   0.67/  0.69 |   0.76 | 0.00784 |   6   0   0   0 |  55   0   1   1 |   9.6
                                                             |   0   6   0   3 |  10  27   1   4 |
                                                             |   1   0  21   3 |   5   0 157   7 |
                                                             |   1   2  10  11 |   5   9  53  65 |
---------------------------------------------------------------------------------------------------
  2: 134 |  3.6 |    0.90 |   0.84/  0.80 |   0.80 | 0.00760 |  11   0   0   0 |  57   0   0   0 |   9.6
                                                             |   0   4   0   2 |   6  29   0   7 |
                                                             |   1   0  23   1 |   6   0 152  11 |
                                                             |   1   2   6  13 |   4  10  35  83 |
---------------------------------------------------------------------------------------------------
  2: 234 |  3.6 |    0.87 |   0.83/  0.78 |   0.81 | 0.00737 |  11   2   0   0 |  50   4   1   2 |   9.6
                                                             |   0   1   0   1 |   1  32   0   9 |
                                                             |   1   0  19   7 |   3   0 126  40 |
                                                             |   0   2   1  19 |   1   5  10 116 |
---------------------------------------------------------------------------------------------------
  2: 334 |  3.6 |    1.04 |   0.73/  0.78 |   0.82 | 0.00715 |  18   1   0   2 |  56   1   0   0 |   9.6
                                                             |   0   1   0   3 |   4  22   0  16 |
                                                             |   1   0  22   1 |   3   0 150  16 |
                                                             |   1   2   3   9 |   2   0  28 102 |
---------------------------------------------------------------------------------------------------
  3:  51 |  3.6 |    0.74 |   0.73/  0.67 |   0.77 | 0.00694 |   4   0   1   1 |  47   2   1   7 |   9.5
                                                             |   1   2   0   2 |   2  28   0  12 |
                                                             |   1   0  12  12 |   2   0 114  53 |
                                                             |   0   1   2  25 |   1   8   4 119 |
---------------------------------------------------------------------------------------------------
  3: 151 |  3.6 |    0.72 |   0.72/  0.77 |   0.83 | 0.00673 |  12   0   0   0 |  51   2   1   3 |   9.5
                                                             |   1   2   0   7 |   2  26   0  14 |
                                                             |   0   0  13   1 |   2   0 144  23 |
                                                             |   1   1   4  22 |   1   3  16 112 |
---------------------------------------------------------------------------------------------------
  3: 251 |  3.6 |    0.59 |   0.83/  0.77 |   0.80 | 0.00653 |   8   0   0   0 |  57   0   0   0 |   9.5
                                                             |   2   4   0   0 |  13  22   0   7 |
                                                             |   1   0  23   2 |   4   0 155  10 |
                                                             |   1   1   8  14 |   4   4  37  87 |
---------------------------------------------------------------------------------------------------
  3: 351 |  3.6 |    0.67 |   0.75/  0.77 |   0.83 | 0.00633 |   6   1   1   1 |  57   0   0   0 |   9.5
                                                             |   2   5   0   1 |   3  30   0   9 |
                                                             |   0   0  16   6 |   3   0 134  32 |
                                                             |   0   0   3  22 |   2   4  15 111 |
---------------------------------------------------------------------------------------------------
  4:  68 |  3.6 |    0.61 |   0.83/  0.80 |   0.81 | 0.00614 |  10   0   0   0 |  55   0   2   0 |   9.6
                                                             |   2   4   0   2 |   5  23   1  13 |
                                                             |   0   0  21   2 |   1   0 155  13 |
                                                             |   1   0   6  16 |   3   1  35  93 |
---------------------------------------------------------------------------------------------------
  4: 168 |  3.6 |    0.52 |   0.81/  0.80 |   0.81 | 0.00596 |   8   1   0   0 |  56   1   0   0 |   9.6
                                                             |   0   3   0   1 |   2  31   0   9 |
                                                             |   1   0  17   8 |   4   0 121  44 |
                                                             |   0   1   1  23 |   2   4   9 117 |
---------------------------------------------------------------------------------------------------
  4: 268 |  3.6 |    0.48 |   0.83/  0.86 |   0.83 | 0.00578 |  17   0   0   0 |  57   0   0   0 |   9.6
                                                             |   0   4   0   1 |   6  25   0  11 |
                                                             |   1   0  20   3 |   2   0 144  23 |
                                                             |   0   1   3  14 |   1   4  22 105 |
---------------------------------------------------------------------------------------------------
  4: 368 |  3.6 |    0.46 |   0.84/  0.83 |   0.80 | 0.00561 |   5   0   0   0 |  57   0   0   0 |   9.6
                                                             |   2   5   0   0 |   8  21   0  13 |
                                                             |   1   0  24   1 |   6   0 155   8 |
                                                             |   1   0   6  19 |   5   3  38  86 |
---------------------------------------------------------------------------------------------------
  5:  85 |  3.6 |    0.48 |   0.86/  0.78 |   0.80 | 0.00544 |   9   2   0   0 |  53   3   1   0 |   9.6
                                                             |   1   6   0   2 |   1  37   0   4 |
                                                             |   1   0  14   5 |   3   0 117  49 |
                                                             |   0   2   1  21 |   0   9  11 112 |
---------------------------------------------------------------------------------------------------
  5: 185 |  3.6 |    0.52 |   0.78/  0.78 |   0.82 | 0.00527 |   6   0   0   0 |  51   4   2   0 |   9.6
                                                             |   0   4   0   2 |   6  26   0  10 |
                                                             |   0   0  18   3 |   1   0 149  19 |
                                                             |   1   2   6  22 |   1   5  25 101 |
---------------------------------------------------------------------------------------------------
  5: 285 |  3.6 |    0.65 |   0.73/  0.73 |   0.78 | 0.00512 |   2   0   0   0 |  55   0   2   0 |   9.6
                                                             |   2   6   0   1 |   6  24   2  10 |
                                                             |   0   0  26   1 |   2   0 161   6 |
                                                             |   1   0  12  13 |   2   4  53  73 |
---------------------------------------------------------------------------------------------------
  6:   2 |  3.6 |    0.64 |   0.75/  0.83 |   0.79 | 0.00496 |   7   0   0   0 |  57   0   0   0 |   9.5
                                                             |   5   4   0   4 |   4  18   0  20 |
                                                             |   0   0  28   0 |   1   0 159   9 |
                                                             |   1   0   1  14 |   1   2  47  82 |
---------------------------------------------------------------------------------------------------
  6: 102 |  3.6 |    0.51 |   0.83/  0.81 |   0.83 | 0.00481 |  13   0   0   0 |  57   0   0   0 |   9.6
                                                             |   1   2   0   0 |   5  28   0   9 |
                                                             |   0   0  27   2 |   2   0 153  14 |
                                                             |   0   2   7  10 |   2   6  29  95 |
---------------------------------------------------------------------------------------------------
  6: 202 |  3.6 |    0.54 |   0.80/  0.81 |   0.82 | 0.00467 |   6   0   0   1 |  51   1   4   1 |   9.6
                                                             |   1   3   1   0 |   0  21   0  21 |
                                                             |   0   0  23   2 |   0   0 150  19 |
                                                             |   1   2   4  20 |   0   3  24 105 |
---------------------------------------------------------------------------------------------------
  6: 302 |  3.6 |    0.51 |   0.77/  0.80 |   0.84 | 0.00453 |   7   0   0   0 |  57   0   0   0 |   9.6
                                                             |   2   1   0   2 |   6  28   0   8 |
                                                             |   1   0  25   1 |   1   0 157  11 |
                                                             |   0   1   6  18 |   4   6  29  93 |
---------------------------------------------------------------------------------------------------
  7:  19 |  3.6 |    0.44 |   0.81/  0.81 |   0.84 | 0.00439 |   6   2   0   0 |  53   4   0   0 |   9.5
                                                             |   1   2   0   2 |   2  30   0  10 |
                                                             |   0   0  17   6 |   1   0 143  25 |
                                                             |   0   0   1  27 |   1   9  12 110 |
---------------------------------------------------------------------------------------------------
  7: 119 |  3.6 |    0.55 |   0.83/  0.80 |   0.83 | 0.00426 |   6   0   1   0 |  56   0   0   1 |   9.6
                                                             |   0   1   0   2 |   2  26   0  14 |
                                                             |   1   0  27   1 |   1   0 153  15 |
                                                             |   0   3   5  17 |   2   3  29  98 |
---------------------------------------------------------------------------------------------------
  7: 219 |  3.6 |    0.60 |   0.80/  0.78 |   0.84 | 0.00413 |   6   0   0   1 |  57   0   0   0 |   9.6
                                                             |   1   1   0   1 |   6  26   0  10 |
                                                             |   0   0  25   1 |   2   0 147  20 |
                                                             |   3   2   5  18 |   3   5  16 108 |
---------------------------------------------------------------------------------------------------
  7: 319 |  3.6 |    0.52 |   0.81/  0.78 |   0.79 | 0.00401 |   9   1   0   1 |  52   3   0   2 |   9.6
                                                             |   1   1   0   1 |   2  29   0  11 |
                                                             |   0   0  21   6 |   2   0 119  48 |
                                                             |   0   2   2  19 |   0   7   8 117 |
---------------------------------------------------------------------------------------------------
  8:  36 |  3.6 |    0.57 |   0.78/  0.75 |   0.81 | 0.00389 |   8   0   0   0 |  54   2   0   1 |   9.6
                                                             |   2   2   0   3 |   6  21   0  15 |
                                                             |   3   0  13   5 |   2   0 133  34 |
                                                             |   0   1   2  25 |   1   5  10 116 |
---------------------------------------------------------------------------------------------------
  8: 136 |  3.6 |    0.70 |   0.70/  0.72 |   0.82 | 0.00377 |   5   0   0   0 |  57   0   0   0 |   9.6
                                                             |   3   4   0   3 |   8  21   1  12 |
                                                             |   2   0  19   3 |   2   0 145  22 |
                                                             |   0   1   6  18 |   3   3  19 107 |
---------------------------------------------------------------------------------------------------
  8: 236 |  3.6 |    0.60 |   0.80/  0.77 |   0.82 | 0.00366 |   7   1   0   0 |  55   2   0   0 |   9.6
                                                             |   0   6   0   1 |   0  35   0   7 |
                                                             |   2   0  21   9 |   3   0 122  44 |
                                                             |   0   2   0  15 |   0   8   9 115 |
---------------------------------------------------------------------------------------------------
  8: 336 |  3.6 |    0.43 |   0.86/  0.86 |   0.84 | 0.00355 |  10   0   0   0 |  55   2   0   0 |   9.5
                                                             |   0   4   0   2 |   1  28   0  13 |
                                                             |   2   0  19   1 |   3   1 144  21 |
                                                             |   1   1   2  22 |   2   7  15 108 |
---------------------------------------------------------------------------------------------------
  9:  53 |  3.6 |    0.44 |   0.84/  0.86 |   0.85 | 0.00344 |   7   0   1   0 |  57   0   0   0 |   9.5
                                                             |   1   6   0   0 |   4  28   0  10 |
                                                             |   1   0  23   1 |   2   0 150  17 |
                                                             |   1   0   4  19 |   0   6  22 104 |
---------------------------------------------------------------------------------------------------
  9: 153 |  3.6 |    0.49 |   0.86/  0.80 |   0.81 | 0.00334 |  11   1   0   0 |  53   3   0   1 |   9.5
                                                             |   0   5   0   1 |   2  35   0   5 |
                                                             |   0   0  17   2 |   2   0 129  38 |
                                                             |   0   5   4  18 |   0  14  10 108 |
---------------------------------------------------------------------------------------------------
  9: 253 |  3.6 |    0.44 |   0.88/  0.88 |   0.85 | 0.00324 |   8   0   0   0 |  56   0   1   0 |   9.6
                                                             |   2   3   0   0 |   5  28   0   9 |
                                                             |   0   0  23   2 |   1   0 153  15 |
                                                             |   1   0   3  22 |   2   6  22 102 |
---------------------------------------------------------------------------------------------------
  9: 353 |  3.6 |    0.43 |   0.86/  0.86 |   0.85 | 0.00314 |  10   2   0   0 |  55   2   0   0 |   9.6
                                                             |   0   4   0   2 |   3  32   0   7 |
                                                             |   0   0  18   2 |   2   0 138  29 |
                                                             |   0   0   3  23 |   0   8  10 114 |
---------------------------------------------------------------------------------------------------
 10:  70 |  3.6 |    0.74 |   0.69/  0.75 |   0.86 | 0.00305 |  11   1   0   0 |  54   3   0   0 |   9.5
                                                             |   1   4   0   3 |   2  31   0   9 |
                                                             |   1   0  15   1 |   1   0 156  12 |
                                                             |   1   1   7  18 |   1   5  23 103 |
---------------------------------------------------------------------------------------------------
 10: 170 |  3.6 |    0.59 |   0.80/  0.75 |   0.84 | 0.00296 |  11   0   0   0 |  55   1   1   0 |   9.6
                                                             |   0   3   1   3 |   5  23   0  14 |
                                                             |   0   0  23   6 |   3   0 146  20 |
                                                             |   0   0   6  11 |   1   3  15 113 |
---------------------------------------------------------------------------------------------------
 10: 270 |  3.6 |    0.51 |   0.78/  0.80 |   0.82 | 0.00287 |   8   1   0   0 |  55   2   0   0 |   9.6
                                                             |   2   4   0   2 |   3  32   0   7 |
                                                             |   1   0  24   0 |   3   0 151  15 |
                                                             |   0   0   7  15 |   1   8  31  92 |
---------------------------------------------------------------------------------------------------
 10: 370 |  3.6 |    0.48 |   0.84/  0.89 |   0.85 | 0.00278 |  15   0   0   0 |  57   0   0   0 |   9.6
                                                             |   0   8   0   1 |   4  30   0   8 |
                                                             |   0   0  20   1 |   2   0 143  24 |
                                                             |   0   2   3  14 |   0   7  15 110 |
---------------------------------------------------------------------------------------------------
 11:  87 |  3.6 |    0.45 |   0.81/  0.81 |   0.85 | 0.00270 |  13   0   0   0 |  57   0   0   0 |   9.5
                                                             |   1   2   0   1 |   7  31   0   4 |
                                                             |   2   0  15   2 |   3   0 151  15 |
                                                             |   0   3   3  22 |   3   6  21 102 |
---------------------------------------------------------------------------------------------------
 11: 187 |  3.6 |    0.51 |   0.86/  0.83 |   0.85 | 0.00262 |   4   0   0   0 |  55   2   0   0 |   9.6
                                                             |   0   6   0   0 |   1  32   0   9 |
                                                             |   0   1  24   2 |   1   0 140  28 |
                                                             |   0   4   4  19 |   0   8  12 112 |
---------------------------------------------------------------------------------------------------
 11: 287 |  3.6 |    0.57 |   0.77/  0.78 |   0.83 | 0.00254 |   6   0   0   0 |  56   1   0   0 |   9.6
                                                             |   3   2   0   2 |   4  27   0  11 |
                                                             |   0   0  22   3 |   2   0 133  34 |
                                                             |   0   1   5  20 |   1   5  10 116 |
---------------------------------------------------------------------------------------------------
 12:   4 |  3.6 |    0.49 |   0.81/  0.81 |   0.83 | 0.00246 |  15   0   0   0 |  57   0   0   0 |   9.5
                                                             |   2   0   0   3 |   7  21   0  14 |
                                                             |   1   0  18   3 |   3   0 149  17 |
                                                             |   0   0   3  19 |   3   3  21 105 |
---------------------------------------------------------------------------------------------------
 12: 104 |  3.6 |    0.42 |   0.86/  0.86 |   0.83 | 0.00239 |  10   0   0   0 |  57   0   0   0 |   9.6
                                                             |   1   2   0   1 |   5  28   0   9 |
                                                             |   0   0  23   5 |   2   0 133  34 |
                                                             |   1   1   0  20 |   2   5  10 115 |
---------------------------------------------------------------------------------------------------
 12: 204 |  3.6 |    0.56 |   0.77/  0.86 |   0.84 | 0.00232 |  10   1   0   0 |  52   4   1   0 |   9.6
                                                             |   0  10   0   0 |   1  31   0  10 |
                                                             |   1   0  17   2 |   1   0 136  32 |
                                                             |   0   1   4  18 |   0   7   9 116 |
---------------------------------------------------------------------------------------------------
 12: 304 |  3.6 |    0.45 |   0.83/  0.83 |   0.85 | 0.00225 |   6   0   0   0 |  57   0   0   0 |   9.6
                                                             |   2   7   0   1 |   4  32   0   6 |
                                                             |   1   0  21   2 |   2   0 139  28 |
                                                             |   1   2   2  19 |   3   6  10 113 |
---------------------------------------------------------------------------------------------------
 13:  21 |  3.6 |    0.39 |   0.92/  0.88 |   0.85 | 0.00218 |  12   0   0   0 |  56   0   1   0 |   9.6
                                                             |   1   4   0   1 |   3  29   1   9 |
                                                             |   0   0  20   5 |   0   0 142  27 |
                                                             |   0   0   1  20 |   1   6  11 114 |
---------------------------------------------------------------------------------------------------
--------------------------------------------------------------------------------
Initial input shape: (None, 1, 726, 568)
--------------------------------------------------------------------------------
Layer (name)                  Output Shape                  Param #             
--------------------------------------------------------------------------------
Convolution2D (convolution2d) (None, 16, 726, 568)          2320                
Activation (activation)       (None, 16, 726, 568)          0                   
MaxPooling2D (maxpooling2d)   (None, 16, 242, 189)          0                   
BatchNormalization (batchnorma(None, 16, 242, 189)          32                  
Convolution2D (convolution2d) (None, 16, 242, 189)          25616               
Activation (activation)       (None, 16, 242, 189)          0                   
MaxPooling2D (maxpooling2d)   (None, 16, 48, 37)            0                   
BatchNormalization (batchnorma(None, 16, 48, 37)            32                  
Convolution2D (convolution2d) (None, 16, 48, 37)            16400               
Activation (activation)       (None, 16, 48, 37)            0                   
MaxPooling2D (maxpooling2d)   (None, 16, 9, 7)              0                   
BatchNormalization (batchnorma(None, 16, 9, 7)              32                  
Flatten (flatten)             (None, 1008)                  0                   
Dense (dense)                 (None, 48)                    48432               
Activation (activation)       (None, 48)                    0                   
BatchNormalization (batchnorma(None, 48)                    96                  
Dense (dense)                 (None, 32)                    1568                
Activation (activation)       (None, 32)                    0                   
BatchNormalization (batchnorma(None, 32)                    64                  
Dense (dense)                 (None, 4)                     132                 
Activation (activation)       (None, 4)                     0                   
--------------------------------------------------------------------------------
Total params: 94724
--------------------------------------------------------------------------------
total time: 18450.58
type q to quit, or anything else to rerun script keras_convnet.py
